[     191ms] [INFO] %cDownload the React DevTools for a better development experience: https://react.dev/link/react-devtools font-weight:bold @ http://localhost:5173/node_modules/.vite/deps/client-CRGSV5G_.js?v=22d946fd:14337
[     269ms] [LOG] %cDocumentation: %chttps://mswjs.io/docs font-weight:bold font-weight:normal @ http://localhost:5173/node_modules/.vite/deps/msw_browser.js?v=22d946fd:3307
[     269ms] [LOG] Found an issue? https://github.com/mswjs/msw/issues @ http://localhost:5173/node_modules/.vite/deps/msw_browser.js?v=22d946fd:3308
[     269ms] [LOG] Worker script URL: http://localhost:5173/mockServiceWorker.js @ http://localhost:5173/node_modules/.vite/deps/msw_browser.js?v=22d946fd:3309
[     269ms] [LOG] Worker scope: http://localhost:5173/ @ http://localhost:5173/node_modules/.vite/deps/msw_browser.js?v=22d946fd:3310
[     269ms] [LOG] Client ID: %s (%s) b835675f-fd28-4205-be00-6e3e50a03d88 top-level @ http://localhost:5173/node_modules/.vite/deps/msw_browser.js?v=22d946fd:3311
[     344ms] [LOG] Request {url: URL, method: GET, headers: Object, body: } @ http://localhost:5173/node_modules/.vite/deps/msw.js?v=22d946fd:416
[     344ms] [LOG] Handler: HttpHandler @ http://localhost:5173/node_modules/.vite/deps/msw.js?v=22d946fd:417
[     344ms] [LOG] Response {status: 200, statusText: OK, headers: Object, body: {"code":0,"message":"success","data":{"totalFunds"…eFunds":9,"totalClients":10,"totalAum":52000000}}} @ http://localhost:5173/node_modules/.vite/deps/msw.js?v=22d946fd:418
[     344ms] [LOG] Request {url: URL, method: GET, headers: Object, body: } @ http://localhost:5173/node_modules/.vite/deps/msw.js?v=22d946fd:416
[     344ms] [LOG] Handler: HttpHandler @ http://localhost:5173/node_modules/.vite/deps/msw.js?v=22d946fd:417
[     344ms] [LOG] Response {status: 200, statusText: OK, headers: Object, body: {"code":0,"message":"success","data":[{"type":"货币型…cale":2850000000,"count":1,"percentage":0.0643}]}} @ http://localhost:5173/node_modules/.vite/deps/msw.js?v=22d946fd:418
[     344ms] [LOG] Request {url: URL, method: GET, headers: Object, body: } @ http://localhost:5173/node_modules/.vite/deps/msw.js?v=22d946fd:416
[     344ms] [LOG] Handler: HttpHandler @ http://localhost:5173/node_modules/.vite/deps/msw.js?v=22d946fd:417
[     344ms] [LOG] Response {status: 200, statusText: OK, headers: Object, body: {"code":0,"message":"success","data":[{"month":"20…ount":0,"byType":{"电话":0,"面谈":0,"微信":0,"邮件":0}}]}} @ http://localhost:5173/node_modules/.vite/deps/msw.js?v=22d946fd:418
[   15964ms] [LOG] Request {url: URL, method: GET, headers: Object, body: } @ http://localhost:5173/node_modules/.vite/deps/msw.js?v=22d946fd:416
[   15964ms] [LOG] Handler: HttpHandler @ http://localhost:5173/node_modules/.vite/deps/msw.js?v=22d946fd:417
[   15964ms] [LOG] Response {status: 200, statusText: OK, headers: Object, body: {"code":0,"message":"success","data":{"list":[{"id…age":1,"pageSize":10,"total":10,"totalPages":1}}}} @ http://localhost:5173/node_modules/.vite/deps/msw.js?v=22d946fd:418
[   53361ms] [LOG] Request {url: URL, method: GET, headers: Object, body: } @ http://localhost:5173/node_modules/.vite/deps/msw.js?v=22d946fd:416
[   53362ms] [LOG] Handler: HttpHandler @ http://localhost:5173/node_modules/.vite/deps/msw.js?v=22d946fd:417
[   53362ms] [LOG] Response {status: 200, statusText: OK, headers: Object, body: {"code":0,"message":"success","data":[{"month":"20…ount":0,"byType":{"电话":0,"面谈":0,"微信":0,"邮件":0}}]}} @ http://localhost:5173/node_modules/.vite/deps/msw.js?v=22d946fd:418
