[     204ms] [INFO] %cDownload the React DevTools for a better development experience: https://react.dev/link/react-devtools font-weight:bold @ http://localhost:5173/node_modules/.vite/deps/client-CRGSV5G_.js?v=5136750c:14337
[     249ms] [LOG] %cDocumentation: %chttps://mswjs.io/docs font-weight:bold font-weight:normal @ http://localhost:5173/node_modules/.vite/deps/msw_browser.js?v=e06a5d1f:3307
[     249ms] [LOG] Found an issue? https://github.com/mswjs/msw/issues @ http://localhost:5173/node_modules/.vite/deps/msw_browser.js?v=e06a5d1f:3308
[     249ms] [LOG] Worker script URL: http://localhost:5173/mockServiceWorker.js @ http://localhost:5173/node_modules/.vite/deps/msw_browser.js?v=e06a5d1f:3309
[     249ms] [LOG] Worker scope: http://localhost:5173/ @ http://localhost:5173/node_modules/.vite/deps/msw_browser.js?v=e06a5d1f:3310
[     249ms] [LOG] Client ID: %s (%s) adbb0f4e-fbbe-4466-8763-b876a29351bc top-level @ http://localhost:5173/node_modules/.vite/deps/msw_browser.js?v=e06a5d1f:3311
[     368ms] [LOG] Request {url: URL, method: GET, headers: Object, body: } @ http://localhost:5173/node_modules/.vite/deps/msw.js?v=16235c61:416
[     369ms] [LOG] Handler: HttpHandler @ http://localhost:5173/node_modules/.vite/deps/msw.js?v=16235c61:417
[     369ms] [LOG] Response {status: 200, statusText: OK, headers: Object, body: {"code":0,"message":"success","data":{"totalFunds"…eFunds":9,"totalClients":10,"totalAum":52000000}}} @ http://localhost:5173/node_modules/.vite/deps/msw.js?v=16235c61:418
[     369ms] [LOG] Request {url: URL, method: GET, headers: Object, body: } @ http://localhost:5173/node_modules/.vite/deps/msw.js?v=16235c61:416
[     369ms] [LOG] Handler: HttpHandler @ http://localhost:5173/node_modules/.vite/deps/msw.js?v=16235c61:417
[     369ms] [LOG] Response {status: 200, statusText: OK, headers: Object, body: {"code":0,"message":"success","data":[{"type":"货币型…cale":2850000000,"count":1,"percentage":0.0643}]}} @ http://localhost:5173/node_modules/.vite/deps/msw.js?v=16235c61:418
[     370ms] [LOG] Request {url: URL, method: GET, headers: Object, body: } @ http://localhost:5173/node_modules/.vite/deps/msw.js?v=16235c61:416
[     370ms] [LOG] Handler: HttpHandler @ http://localhost:5173/node_modules/.vite/deps/msw.js?v=16235c61:417
[     370ms] [LOG] Response {status: 200, statusText: OK, headers: Object, body: {"code":0,"message":"success","data":[{"month":"20…ount":0,"byType":{"电话":0,"面谈":0,"微信":0,"邮件":0}}]}} @ http://localhost:5173/node_modules/.vite/deps/msw.js?v=16235c61:418
[     465ms] ExpressionError: Unexpected character: }
    at http://localhost:5173/node_modules/.vite/deps/@ant-design_charts.js?v=131daa05:131026:24
    at A$1 (http://localhost:5173/node_modules/.vite/deps/@ant-design_charts.js?v=131daa05:131034:4)
    at http://localhost:5173/node_modules/.vite/deps/@ant-design_charts.js?v=131daa05:131054:20
    at http://localhost:5173/node_modules/.vite/deps/@ant-design_charts.js?v=131daa05:122980:7
    at parseOptionsExpr (http://localhost:5173/node_modules/.vite/deps/@ant-design_charts.js?v=131daa05:131076:64)
    at http://localhost:5173/node_modules/.vite/deps/@ant-design_charts.js?v=131daa05:131071:27
    at http://localhost:5173/node_modules/.vite/deps/@ant-design_charts.js?v=131daa05:3673:12
    at Array.forEach (<anonymous>)
    at map_values_default (http://localhost:5173/node_modules/.vite/deps/@ant-design_charts.js?v=131daa05:3672:75)
    at parseOptionsExpr (http://localhost:5173/node_modules/.vite/deps/@ant-design_charts.js?v=131daa05:131069:53)
[     465ms] ExpressionError: Unexpected character: }
    at http://localhost:5173/node_modules/.vite/deps/@ant-design_charts.js?v=131daa05:131026:24
    at A$1 (http://localhost:5173/node_modules/.vite/deps/@ant-design_charts.js?v=131daa05:131034:4)
    at http://localhost:5173/node_modules/.vite/deps/@ant-design_charts.js?v=131daa05:131054:20
    at http://localhost:5173/node_modules/.vite/deps/@ant-design_charts.js?v=131daa05:122980:7
    at parseOptionsExpr (http://localhost:5173/node_modules/.vite/deps/@ant-design_charts.js?v=131daa05:131076:64)
    at http://localhost:5173/node_modules/.vite/deps/@ant-design_charts.js?v=131daa05:131071:27
    at http://localhost:5173/node_modules/.vite/deps/@ant-design_charts.js?v=131daa05:3673:12
    at Array.forEach (<anonymous>)
    at map_values_default (http://localhost:5173/node_modules/.vite/deps/@ant-design_charts.js?v=131daa05:3672:75)
    at parseOptionsExpr (http://localhost:5173/node_modules/.vite/deps/@ant-design_charts.js?v=131daa05:131069:53)
[22737438ms] [LOG] [vite] server connection lost. Polling for restart... @ http://localhost:5173/@vite/client:968
[22738071ms] [INFO] %cDownload the React DevTools for a better development experience: https://react.dev/link/react-devtools font-weight:bold @ http://localhost:5173/node_modules/.vite/deps/client-CRGSV5G_.js?v=5136750c:14337
[22738174ms] [LOG] %cDocumentation: %chttps://mswjs.io/docs font-weight:bold font-weight:normal @ http://localhost:5173/node_modules/.vite/deps/msw_browser.js?v=e06a5d1f:3307
[22738174ms] [LOG] Found an issue? https://github.com/mswjs/msw/issues @ http://localhost:5173/node_modules/.vite/deps/msw_browser.js?v=e06a5d1f:3308
[22738174ms] [LOG] Worker script URL: http://localhost:5173/mockServiceWorker.js @ http://localhost:5173/node_modules/.vite/deps/msw_browser.js?v=e06a5d1f:3309
[22738174ms] [LOG] Worker scope: http://localhost:5173/ @ http://localhost:5173/node_modules/.vite/deps/msw_browser.js?v=e06a5d1f:3310
[22738174ms] [LOG] Client ID: %s (%s) 3251e0d1-8cdd-41a9-a128-733a61f69ab7 top-level @ http://localhost:5173/node_modules/.vite/deps/msw_browser.js?v=e06a5d1f:3311
[22738300ms] [LOG] Request {url: URL, method: GET, headers: Object, body: } @ http://localhost:5173/node_modules/.vite/deps/msw.js?v=16235c61:416
[22738301ms] [LOG] Handler: HttpHandler @ http://localhost:5173/node_modules/.vite/deps/msw.js?v=16235c61:417
[22738302ms] [LOG] Response {status: 200, statusText: OK, headers: Object, body: {"code":0,"message":"success","data":{"totalFunds"…eFunds":9,"totalClients":10,"totalAum":52000000}}} @ http://localhost:5173/node_modules/.vite/deps/msw.js?v=16235c61:418
[22738302ms] [LOG] Request {url: URL, method: GET, headers: Object, body: } @ http://localhost:5173/node_modules/.vite/deps/msw.js?v=16235c61:416
[22738302ms] [LOG] Handler: HttpHandler @ http://localhost:5173/node_modules/.vite/deps/msw.js?v=16235c61:417
[22738302ms] [LOG] Response {status: 200, statusText: OK, headers: Object, body: {"code":0,"message":"success","data":[{"type":"货币型…cale":2850000000,"count":1,"percentage":0.0643}]}} @ http://localhost:5173/node_modules/.vite/deps/msw.js?v=16235c61:418
[22738302ms] [LOG] Request {url: URL, method: GET, headers: Object, body: } @ http://localhost:5173/node_modules/.vite/deps/msw.js?v=16235c61:416
[22738302ms] [LOG] Handler: HttpHandler @ http://localhost:5173/node_modules/.vite/deps/msw.js?v=16235c61:417
[22738302ms] [LOG] Response {status: 200, statusText: OK, headers: Object, body: {"code":0,"message":"success","data":[{"month":"20…ount":0,"byType":{"电话":0,"面谈":0,"微信":0,"邮件":0}}]}} @ http://localhost:5173/node_modules/.vite/deps/msw.js?v=16235c61:418
[22738379ms] ExpressionError: Unexpected character: }
    at http://localhost:5173/node_modules/.vite/deps/@ant-design_charts.js?v=131daa05:131026:24
    at A$1 (http://localhost:5173/node_modules/.vite/deps/@ant-design_charts.js?v=131daa05:131034:4)
    at http://localhost:5173/node_modules/.vite/deps/@ant-design_charts.js?v=131daa05:131054:20
    at http://localhost:5173/node_modules/.vite/deps/@ant-design_charts.js?v=131daa05:122980:7
    at parseOptionsExpr (http://localhost:5173/node_modules/.vite/deps/@ant-design_charts.js?v=131daa05:131076:64)
    at http://localhost:5173/node_modules/.vite/deps/@ant-design_charts.js?v=131daa05:131071:27
    at http://localhost:5173/node_modules/.vite/deps/@ant-design_charts.js?v=131daa05:3673:12
    at Array.forEach (<anonymous>)
    at map_values_default (http://localhost:5173/node_modules/.vite/deps/@ant-design_charts.js?v=131daa05:3672:75)
    at parseOptionsExpr (http://localhost:5173/node_modules/.vite/deps/@ant-design_charts.js?v=131daa05:131069:53)
[22738379ms] ExpressionError: Unexpected character: }
    at http://localhost:5173/node_modules/.vite/deps/@ant-design_charts.js?v=131daa05:131026:24
    at A$1 (http://localhost:5173/node_modules/.vite/deps/@ant-design_charts.js?v=131daa05:131034:4)
    at http://localhost:5173/node_modules/.vite/deps/@ant-design_charts.js?v=131daa05:131054:20
    at http://localhost:5173/node_modules/.vite/deps/@ant-design_charts.js?v=131daa05:122980:7
    at parseOptionsExpr (http://localhost:5173/node_modules/.vite/deps/@ant-design_charts.js?v=131daa05:131076:64)
    at http://localhost:5173/node_modules/.vite/deps/@ant-design_charts.js?v=131daa05:131071:27
    at http://localhost:5173/node_modules/.vite/deps/@ant-design_charts.js?v=131daa05:3673:12
    at Array.forEach (<anonymous>)
    at map_values_default (http://localhost:5173/node_modules/.vite/deps/@ant-design_charts.js?v=131daa05:3672:75)
    at parseOptionsExpr (http://localhost:5173/node_modules/.vite/deps/@ant-design_charts.js?v=131daa05:131069:53)
[25464392ms] [LOG] Request {url: URL, method: GET, headers: Object, body: } @ http://localhost:5173/node_modules/.vite/deps/msw.js?v=16235c61:416
[25464393ms] [LOG] Handler: HttpHandler @ http://localhost:5173/node_modules/.vite/deps/msw.js?v=16235c61:417
[25464393ms] [LOG] Response {status: 200, statusText: OK, headers: Object, body: {"code":0,"message":"success","data":{"totalFunds"…eFunds":9,"totalClients":10,"totalAum":52000000}}} @ http://localhost:5173/node_modules/.vite/deps/msw.js?v=16235c61:418
[25464396ms] [LOG] Request {url: URL, method: GET, headers: Object, body: } @ http://localhost:5173/node_modules/.vite/deps/msw.js?v=16235c61:416
[25464397ms] [LOG] Handler: HttpHandler @ http://localhost:5173/node_modules/.vite/deps/msw.js?v=16235c61:417
[25464397ms] [LOG] Response {status: 200, statusText: OK, headers: Object, body: {"code":0,"message":"success","data":[{"type":"货币型…cale":2850000000,"count":1,"percentage":0.0643}]}} @ http://localhost:5173/node_modules/.vite/deps/msw.js?v=16235c61:418
[25464397ms] [LOG] Request {url: URL, method: GET, headers: Object, body: } @ http://localhost:5173/node_modules/.vite/deps/msw.js?v=16235c61:416
[25464397ms] [LOG] Handler: HttpHandler @ http://localhost:5173/node_modules/.vite/deps/msw.js?v=16235c61:417
[25464397ms] [LOG] Response {status: 200, statusText: OK, headers: Object, body: {"code":0,"message":"success","data":[{"month":"20…ount":0,"byType":{"电话":0,"面谈":0,"微信":0,"邮件":0}}]}} @ http://localhost:5173/node_modules/.vite/deps/msw.js?v=16235c61:418
[41777160ms] [LOG] Request {url: URL, method: GET, headers: Object, body: } @ http://localhost:5173/node_modules/.vite/deps/msw.js?v=16235c61:416
[41777162ms] [LOG] Handler: HttpHandler @ http://localhost:5173/node_modules/.vite/deps/msw.js?v=16235c61:417
[41777162ms] [LOG] Response {status: 200, statusText: OK, headers: Object, body: {"code":0,"message":"success","data":{"totalFunds"…eFunds":9,"totalClients":10,"totalAum":52000000}}} @ http://localhost:5173/node_modules/.vite/deps/msw.js?v=16235c61:418
[41777171ms] [LOG] Request {url: URL, method: GET, headers: Object, body: } @ http://localhost:5173/node_modules/.vite/deps/msw.js?v=16235c61:416
[41777171ms] [LOG] Handler: HttpHandler @ http://localhost:5173/node_modules/.vite/deps/msw.js?v=16235c61:417
[41777171ms] [LOG] Response {status: 200, statusText: OK, headers: Object, body: {"code":0,"message":"success","data":[{"type":"货币型…cale":2850000000,"count":1,"percentage":0.0643}]}} @ http://localhost:5173/node_modules/.vite/deps/msw.js?v=16235c61:418
[41777172ms] [LOG] Request {url: URL, method: GET, headers: Object, body: } @ http://localhost:5173/node_modules/.vite/deps/msw.js?v=16235c61:416
[41777172ms] [LOG] Handler: HttpHandler @ http://localhost:5173/node_modules/.vite/deps/msw.js?v=16235c61:417
[41777172ms] [LOG] Response {status: 200, statusText: OK, headers: Object, body: {"code":0,"message":"success","data":[{"month":"20…ount":0,"byType":{"电话":0,"面谈":0,"微信":0,"邮件":0}}]}} @ http://localhost:5173/node_modules/.vite/deps/msw.js?v=16235c61:418
[43857664ms] [LOG] Request {url: URL, method: GET, headers: Object, body: } @ http://localhost:5173/node_modules/.vite/deps/msw.js?v=16235c61:416
[43857666ms] [LOG] Handler: HttpHandler @ http://localhost:5173/node_modules/.vite/deps/msw.js?v=16235c61:417
[43857666ms] [LOG] Response {status: 200, statusText: OK, headers: Object, body: {"code":0,"message":"success","data":{"totalFunds"…eFunds":9,"totalClients":10,"totalAum":52000000}}} @ http://localhost:5173/node_modules/.vite/deps/msw.js?v=16235c61:418
[43857672ms] [LOG] Request {url: URL, method: GET, headers: Object, body: } @ http://localhost:5173/node_modules/.vite/deps/msw.js?v=16235c61:416
[43857673ms] [LOG] Handler: HttpHandler @ http://localhost:5173/node_modules/.vite/deps/msw.js?v=16235c61:417
[43857673ms] [LOG] Response {status: 200, statusText: OK, headers: Object, body: {"code":0,"message":"success","data":[{"type":"货币型…cale":2850000000,"count":1,"percentage":0.0643}]}} @ http://localhost:5173/node_modules/.vite/deps/msw.js?v=16235c61:418
[43857674ms] [LOG] Request {url: URL, method: GET, headers: Object, body: } @ http://localhost:5173/node_modules/.vite/deps/msw.js?v=16235c61:416
[43857674ms] [LOG] Handler: HttpHandler @ http://localhost:5173/node_modules/.vite/deps/msw.js?v=16235c61:417
[43857674ms] [LOG] Response {status: 200, statusText: OK, headers: Object, body: {"code":0,"message":"success","data":[{"month":"20…ount":0,"byType":{"电话":0,"面谈":0,"微信":0,"邮件":0}}]}} @ http://localhost:5173/node_modules/.vite/deps/msw.js?v=16235c61:418
[44449006ms] [LOG] Request {url: URL, method: GET, headers: Object, body: } @ http://localhost:5173/node_modules/.vite/deps/msw.js?v=16235c61:416
[44449006ms] [LOG] Handler: HttpHandler @ http://localhost:5173/node_modules/.vite/deps/msw.js?v=16235c61:417
[44449006ms] [LOG] Response {status: 200, statusText: OK, headers: Object, body: {"code":0,"message":"success","data":{"totalFunds"…eFunds":9,"totalClients":10,"totalAum":52000000}}} @ http://localhost:5173/node_modules/.vite/deps/msw.js?v=16235c61:418
[44449008ms] [LOG] Request {url: URL, method: GET, headers: Object, body: } @ http://localhost:5173/node_modules/.vite/deps/msw.js?v=16235c61:416
[44449008ms] [LOG] Handler: HttpHandler @ http://localhost:5173/node_modules/.vite/deps/msw.js?v=16235c61:417
[44449008ms] [LOG] Response {status: 200, statusText: OK, headers: Object, body: {"code":0,"message":"success","data":[{"type":"货币型…cale":2850000000,"count":1,"percentage":0.0643}]}} @ http://localhost:5173/node_modules/.vite/deps/msw.js?v=16235c61:418
[44449008ms] [LOG] Request {url: URL, method: GET, headers: Object, body: } @ http://localhost:5173/node_modules/.vite/deps/msw.js?v=16235c61:416
[44449008ms] [LOG] Handler: HttpHandler @ http://localhost:5173/node_modules/.vite/deps/msw.js?v=16235c61:417
[44449008ms] [LOG] Response {status: 200, statusText: OK, headers: Object, body: {"code":0,"message":"success","data":[{"month":"20…ount":0,"byType":{"电话":0,"面谈":0,"微信":0,"邮件":0}}]}} @ http://localhost:5173/node_modules/.vite/deps/msw.js?v=16235c61:418
[87588918ms] [LOG] Request {url: URL, method: GET, headers: Object, body: } @ http://localhost:5173/node_modules/.vite/deps/msw.js?v=16235c61:416
[87588919ms] [LOG] Handler: HttpHandler @ http://localhost:5173/node_modules/.vite/deps/msw.js?v=16235c61:417
[87588920ms] [LOG] Response {status: 200, statusText: OK, headers: Object, body: {"code":0,"message":"success","data":{"totalFunds"…eFunds":9,"totalClients":10,"totalAum":52000000}}} @ http://localhost:5173/node_modules/.vite/deps/msw.js?v=16235c61:418
[87588920ms] [LOG] Request {url: URL, method: GET, headers: Object, body: } @ http://localhost:5173/node_modules/.vite/deps/msw.js?v=16235c61:416
[87588920ms] [LOG] Handler: HttpHandler @ http://localhost:5173/node_modules/.vite/deps/msw.js?v=16235c61:417
[87588920ms] [LOG] Response {status: 200, statusText: OK, headers: Object, body: {"code":0,"message":"success","data":[{"type":"货币型…cale":2850000000,"count":1,"percentage":0.0643}]}} @ http://localhost:5173/node_modules/.vite/deps/msw.js?v=16235c61:418
[87588921ms] [LOG] Request {url: URL, method: GET, headers: Object, body: } @ http://localhost:5173/node_modules/.vite/deps/msw.js?v=16235c61:416
[87588921ms] [LOG] Handler: HttpHandler @ http://localhost:5173/node_modules/.vite/deps/msw.js?v=16235c61:417
[87588921ms] [LOG] Response {status: 200, statusText: OK, headers: Object, body: {"code":0,"message":"success","data":[{"month":"20…ount":0,"byType":{"电话":0,"面谈":0,"微信":0,"邮件":0}}]}} @ http://localhost:5173/node_modules/.vite/deps/msw.js?v=16235c61:418
[87635286ms] [ERROR] WebSocket connection to 'ws://localhost:5173/?token=fkdv3qWCQu6y' failed:  @ http://localhost:5173/@vite/client:840
[87635288ms] [LOG] [vite] server connection lost. Polling for restart... @ http://localhost:5173/@vite/client:968
[87640422ms] [INFO] %cDownload the React DevTools for a better development experience: https://react.dev/link/react-devtools font-weight:bold @ http://localhost:5173/node_modules/.vite/deps/client-CRGSV5G_.js?v=22d946fd:14337
[87640595ms] [LOG] %cDocumentation: %chttps://mswjs.io/docs font-weight:bold font-weight:normal @ http://localhost:5173/node_modules/.vite/deps/msw_browser.js?v=22d946fd:3307
[87640595ms] [LOG] Found an issue? https://github.com/mswjs/msw/issues @ http://localhost:5173/node_modules/.vite/deps/msw_browser.js?v=22d946fd:3308
[87640595ms] [LOG] Worker script URL: http://localhost:5173/mockServiceWorker.js @ http://localhost:5173/node_modules/.vite/deps/msw_browser.js?v=22d946fd:3309
[87640595ms] [LOG] Worker scope: http://localhost:5173/ @ http://localhost:5173/node_modules/.vite/deps/msw_browser.js?v=22d946fd:3310
[87640595ms] [LOG] Client ID: %s (%s) 60c173c8-ec60-49c0-ab0d-83a0befa402d top-level @ http://localhost:5173/node_modules/.vite/deps/msw_browser.js?v=22d946fd:3311
[87640893ms] [LOG] Request {url: URL, method: GET, headers: Object, body: } @ http://localhost:5173/node_modules/.vite/deps/msw.js?v=22d946fd:416
[87640893ms] [LOG] Handler: HttpHandler @ http://localhost:5173/node_modules/.vite/deps/msw.js?v=22d946fd:417
[87640893ms] [LOG] Response {status: 200, statusText: OK, headers: Object, body: {"code":0,"message":"success","data":{"totalFunds"…eFunds":9,"totalClients":10,"totalAum":52000000}}} @ http://localhost:5173/node_modules/.vite/deps/msw.js?v=22d946fd:418
[87640894ms] [LOG] Request {url: URL, method: GET, headers: Object, body: } @ http://localhost:5173/node_modules/.vite/deps/msw.js?v=22d946fd:416
[87640894ms] [LOG] Handler: HttpHandler @ http://localhost:5173/node_modules/.vite/deps/msw.js?v=22d946fd:417
[87640894ms] [LOG] Response {status: 200, statusText: OK, headers: Object, body: {"code":0,"message":"success","data":[{"type":"货币型…cale":2850000000,"count":1,"percentage":0.0643}]}} @ http://localhost:5173/node_modules/.vite/deps/msw.js?v=22d946fd:418
[87640895ms] [LOG] Request {url: URL, method: GET, headers: Object, body: } @ http://localhost:5173/node_modules/.vite/deps/msw.js?v=22d946fd:416
[87640895ms] [LOG] Handler: HttpHandler @ http://localhost:5173/node_modules/.vite/deps/msw.js?v=22d946fd:417
[87640895ms] [LOG] Response {status: 200, statusText: OK, headers: Object, body: {"code":0,"message":"success","data":[{"month":"20…ount":0,"byType":{"电话":0,"面谈":0,"微信":0,"邮件":0}}]}} @ http://localhost:5173/node_modules/.vite/deps/msw.js?v=22d946fd:418
