[     313ms] [INFO] %cDownload the React DevTools for a better development experience: https://react.dev/link/react-devtools font-weight:bold @ http://localhost:5173/node_modules/.vite/deps/client-CRGSV5G_.js?v=22d946fd:14337
[     623ms] [LOG] %cDocumentation: %chttps://mswjs.io/docs font-weight:bold font-weight:normal @ http://localhost:5173/node_modules/.vite/deps/msw_browser.js?v=22d946fd:3307
[     623ms] [LOG] Found an issue? https://github.com/mswjs/msw/issues @ http://localhost:5173/node_modules/.vite/deps/msw_browser.js?v=22d946fd:3308
[     623ms] [LOG] Worker script URL: http://localhost:5173/mockServiceWorker.js @ http://localhost:5173/node_modules/.vite/deps/msw_browser.js?v=22d946fd:3309
[     623ms] [LOG] Worker scope: http://localhost:5173/ @ http://localhost:5173/node_modules/.vite/deps/msw_browser.js?v=22d946fd:3310
[     623ms] [LOG] Client ID: %s (%s) 26d47471-fe47-4d5f-9fa2-d17ac10babd5 top-level @ http://localhost:5173/node_modules/.vite/deps/msw_browser.js?v=22d946fd:3311
[     812ms] [LOG] Request {url: URL, method: GET, headers: Object, body: } @ http://localhost:5173/node_modules/.vite/deps/msw.js?v=22d946fd:416
[     813ms] [LOG] Handler: HttpHandler @ http://localhost:5173/node_modules/.vite/deps/msw.js?v=22d946fd:417
[     813ms] [LOG] Response {status: 200, statusText: OK, headers: Object, body: {"code":0,"message":"success","data":{"totalFunds"…eFunds":9,"totalClients":10,"totalAum":52000000}}} @ http://localhost:5173/node_modules/.vite/deps/msw.js?v=22d946fd:418
[     813ms] [LOG] Request {url: URL, method: GET, headers: Object, body: } @ http://localhost:5173/node_modules/.vite/deps/msw.js?v=22d946fd:416
[     813ms] [LOG] Handler: HttpHandler @ http://localhost:5173/node_modules/.vite/deps/msw.js?v=22d946fd:417
[     813ms] [LOG] Response {status: 200, statusText: OK, headers: Object, body: {"code":0,"message":"success","data":[{"type":"货币型…cale":2850000000,"count":1,"percentage":0.0643}]}} @ http://localhost:5173/node_modules/.vite/deps/msw.js?v=22d946fd:418
[     813ms] [LOG] Request {url: URL, method: GET, headers: Object, body: } @ http://localhost:5173/node_modules/.vite/deps/msw.js?v=22d946fd:416
[     813ms] [LOG] Handler: HttpHandler @ http://localhost:5173/node_modules/.vite/deps/msw.js?v=22d946fd:417
[     813ms] [LOG] Response {status: 200, statusText: OK, headers: Object, body: {"code":0,"message":"success","data":[{"month":"20…ount":1,"byType":{"电话":1,"面谈":0,"微信":0,"邮件":0}}]}} @ http://localhost:5173/node_modules/.vite/deps/msw.js?v=22d946fd:418
[   13413ms] [LOG] Request {url: URL, method: GET, headers: Object, body: } @ http://localhost:5173/node_modules/.vite/deps/msw.js?v=22d946fd:416
[   13413ms] [LOG] Handler: HttpHandler @ http://localhost:5173/node_modules/.vite/deps/msw.js?v=22d946fd:417
[   13413ms] [LOG] Response {status: 200, statusText: OK, headers: Object, body: {"code":0,"message":"success","data":{"list":[{"id…age":1,"pageSize":10,"total":10,"totalPages":1}}}} @ http://localhost:5173/node_modules/.vite/deps/msw.js?v=22d946fd:418
[   19565ms] [LOG] Request {url: URL, method: GET, headers: Object, body: } @ http://localhost:5173/node_modules/.vite/deps/msw.js?v=22d946fd:416
[   19565ms] [LOG] Handler: HttpHandler @ http://localhost:5173/node_modules/.vite/deps/msw.js?v=22d946fd:417
[   19565ms] [LOG] Response {status: 200, statusText: OK, headers: Object, body: {"code":0,"message":"success","data":{"list":[{"id…page":1,"pageSize":10,"total":2,"totalPages":1}}}} @ http://localhost:5173/node_modules/.vite/deps/msw.js?v=22d946fd:418
[   21613ms] [LOG] Request {url: URL, method: GET, headers: Object, body: } @ http://localhost:5173/node_modules/.vite/deps/msw.js?v=22d946fd:416
[   21613ms] [LOG] Handler: HttpHandler @ http://localhost:5173/node_modules/.vite/deps/msw.js?v=22d946fd:417
[   21613ms] [LOG] Response {status: 200, statusText: OK, headers: Object, body: {"code":0,"message":"success","data":{"list":[{"id…page":1,"pageSize":10,"total":1,"totalPages":1}}}} @ http://localhost:5173/node_modules/.vite/deps/msw.js?v=22d946fd:418
[   24214ms] [LOG] Request {url: URL, method: GET, headers: Object, body: } @ http://localhost:5173/node_modules/.vite/deps/msw.js?v=22d946fd:416
[   24214ms] [LOG] Handler: HttpHandler @ http://localhost:5173/node_modules/.vite/deps/msw.js?v=22d946fd:417
[   24215ms] [LOG] Response {status: 200, statusText: OK, headers: Object, body: {"code":0,"message":"success","data":{"list":[{"id…page":1,"pageSize":10,"total":1,"totalPages":1}}}} @ http://localhost:5173/node_modules/.vite/deps/msw.js?v=22d946fd:418
[   25994ms] [LOG] Request {url: URL, method: GET, headers: Object, body: } @ http://localhost:5173/node_modules/.vite/deps/msw.js?v=22d946fd:416
[   25994ms] [LOG] Handler: HttpHandler @ http://localhost:5173/node_modules/.vite/deps/msw.js?v=22d946fd:417
[   25994ms] [LOG] Response {status: 200, statusText: OK, headers: Object, body: {"code":0,"message":"success","data":{"list":[{"id…age":1,"pageSize":10,"total":10,"totalPages":1}}}} @ http://localhost:5173/node_modules/.vite/deps/msw.js?v=22d946fd:418
[   28150ms] [LOG] Request {url: URL, method: GET, headers: Object, body: } @ http://localhost:5173/node_modules/.vite/deps/msw.js?v=22d946fd:416
[   28150ms] [LOG] Handler: HttpHandler @ http://localhost:5173/node_modules/.vite/deps/msw.js?v=22d946fd:417
[   28150ms] [LOG] Response {status: 200, statusText: OK, headers: Object, body: {"code":0,"message":"success","data":{"client":{"i…":"13812340002","email":"li.mingyuan@fund.com"}}}} @ http://localhost:5173/node_modules/.vite/deps/msw.js?v=22d946fd:418
[   28150ms] [LOG] Request {url: URL, method: GET, headers: Object, body: } @ http://localhost:5173/node_modules/.vite/deps/msw.js?v=22d946fd:416
[   28150ms] [LOG] Handler: HttpHandler @ http://localhost:5173/node_modules/.vite/deps/msw.js?v=22d946fd:417
[   28150ms] [LOG] Response {status: 200, statusText: OK, headers: Object, body: {"code":0,"message":"success","data":{"list":[{"id…page":1,"pageSize":10,"total":3,"totalPages":1}}}} @ http://localhost:5173/node_modules/.vite/deps/msw.js?v=22d946fd:418
[   38970ms] [LOG] Request {url: URL, method: GET, headers: Object, body: } @ http://localhost:5173/node_modules/.vite/deps/msw.js?v=22d946fd:416
[   38970ms] [LOG] Handler: HttpHandler @ http://localhost:5173/node_modules/.vite/deps/msw.js?v=22d946fd:417
[   38970ms] [LOG] Response {status: 200, statusText: OK, headers: Object, body: {"code":0,"message":"success","data":[{"month":"20…ount":1,"byType":{"电话":1,"面谈":0,"微信":0,"邮件":0}}]}} @ http://localhost:5173/node_modules/.vite/deps/msw.js?v=22d946fd:418
