[     134ms] [INFO] %cDownload the React DevTools for a better development experience: https://react.dev/link/react-devtools font-weight:bold @ http://localhost:5173/node_modules/.vite/deps/client-CRGSV5G_.js?v=22d946fd:14337
[     175ms] [LOG] %cDocumentation: %chttps://mswjs.io/docs font-weight:bold font-weight:normal @ http://localhost:5173/node_modules/.vite/deps/msw_browser.js?v=22d946fd:3307
[     175ms] [LOG] Found an issue? https://github.com/mswjs/msw/issues @ http://localhost:5173/node_modules/.vite/deps/msw_browser.js?v=22d946fd:3308
[     175ms] [LOG] Worker script URL: http://localhost:5173/mockServiceWorker.js @ http://localhost:5173/node_modules/.vite/deps/msw_browser.js?v=22d946fd:3309
[     175ms] [LOG] Worker scope: http://localhost:5173/ @ http://localhost:5173/node_modules/.vite/deps/msw_browser.js?v=22d946fd:3310
[     175ms] [LOG] Client ID: %s (%s) 13e0a843-a1f5-497d-97dc-52b17e1bf5f0 top-level @ http://localhost:5173/node_modules/.vite/deps/msw_browser.js?v=22d946fd:3311
[     230ms] [LOG] Request {url: URL, method: GET, headers: Object, body: } @ http://localhost:5173/node_modules/.vite/deps/msw.js?v=22d946fd:416
[     230ms] [LOG] Handler: HttpHandler @ http://localhost:5173/node_modules/.vite/deps/msw.js?v=22d946fd:417
[     230ms] [LOG] Response {status: 200, statusText: OK, headers: Object, body: {"code":0,"message":"success","data":{"totalFunds"…eFunds":9,"totalClients":10,"totalAum":52000000}}} @ http://localhost:5173/node_modules/.vite/deps/msw.js?v=22d946fd:418
[     231ms] [LOG] Request {url: URL, method: GET, headers: Object, body: } @ http://localhost:5173/node_modules/.vite/deps/msw.js?v=22d946fd:416
[     231ms] [LOG] Handler: HttpHandler @ http://localhost:5173/node_modules/.vite/deps/msw.js?v=22d946fd:417
[     231ms] [LOG] Response {status: 200, statusText: OK, headers: Object, body: {"code":0,"message":"success","data":[{"type":"货币型…cale":2850000000,"count":1,"percentage":0.0643}]}} @ http://localhost:5173/node_modules/.vite/deps/msw.js?v=22d946fd:418
[     231ms] [LOG] Request {url: URL, method: GET, headers: Object, body: } @ http://localhost:5173/node_modules/.vite/deps/msw.js?v=22d946fd:416
[     231ms] [LOG] Handler: HttpHandler @ http://localhost:5173/node_modules/.vite/deps/msw.js?v=22d946fd:417
[     231ms] [LOG] Response {status: 200, statusText: OK, headers: Object, body: {"code":0,"message":"success","data":[{"month":"20…ount":0,"byType":{"电话":0,"面谈":0,"微信":0,"邮件":0}}]}} @ http://localhost:5173/node_modules/.vite/deps/msw.js?v=22d946fd:418
[   17244ms] [LOG] Request {url: URL, method: GET, headers: Object, body: } @ http://localhost:5173/node_modules/.vite/deps/msw.js?v=22d946fd:416
[   17244ms] [LOG] Handler: HttpHandler @ http://localhost:5173/node_modules/.vite/deps/msw.js?v=22d946fd:417
[   17244ms] [LOG] Response {status: 200, statusText: OK, headers: Object, body: {"code":0,"message":"success","data":{"list":[{"id…age":1,"pageSize":10,"total":10,"totalPages":1}}}} @ http://localhost:5173/node_modules/.vite/deps/msw.js?v=22d946fd:418
[  127599ms] [INFO] %cDownload the React DevTools for a better development experience: https://react.dev/link/react-devtools font-weight:bold @ http://localhost:5173/node_modules/.vite/deps/client-CRGSV5G_.js?v=22d946fd:14337
[  127674ms] [LOG] %cDocumentation: %chttps://mswjs.io/docs font-weight:bold font-weight:normal @ http://localhost:5173/node_modules/.vite/deps/msw_browser.js?v=22d946fd:3307
[  127674ms] [LOG] Found an issue? https://github.com/mswjs/msw/issues @ http://localhost:5173/node_modules/.vite/deps/msw_browser.js?v=22d946fd:3308
[  127674ms] [LOG] Worker script URL: http://localhost:5173/mockServiceWorker.js @ http://localhost:5173/node_modules/.vite/deps/msw_browser.js?v=22d946fd:3309
[  127674ms] [LOG] Worker scope: http://localhost:5173/ @ http://localhost:5173/node_modules/.vite/deps/msw_browser.js?v=22d946fd:3310
[  127674ms] [LOG] Client ID: %s (%s) edb96251-75ad-4ca3-98cb-8bae44bf36bd top-level @ http://localhost:5173/node_modules/.vite/deps/msw_browser.js?v=22d946fd:3311
[  127744ms] [LOG] Request {url: URL, method: GET, headers: Object, body: } @ http://localhost:5173/node_modules/.vite/deps/msw.js?v=22d946fd:416
[  127744ms] [LOG] Handler: HttpHandler @ http://localhost:5173/node_modules/.vite/deps/msw.js?v=22d946fd:417
[  127744ms] [LOG] Response {status: 200, statusText: OK, headers: Object, body: {"code":0,"message":"success","data":{"totalFunds"…eFunds":9,"totalClients":10,"totalAum":52000000}}} @ http://localhost:5173/node_modules/.vite/deps/msw.js?v=22d946fd:418
[  127744ms] [LOG] Request {url: URL, method: GET, headers: Object, body: } @ http://localhost:5173/node_modules/.vite/deps/msw.js?v=22d946fd:416
[  127744ms] [LOG] Handler: HttpHandler @ http://localhost:5173/node_modules/.vite/deps/msw.js?v=22d946fd:417
[  127744ms] [LOG] Response {status: 200, statusText: OK, headers: Object, body: {"code":0,"message":"success","data":[{"type":"货币型…cale":2850000000,"count":1,"percentage":0.0643}]}} @ http://localhost:5173/node_modules/.vite/deps/msw.js?v=22d946fd:418
[  127744ms] [LOG] Request {url: URL, method: GET, headers: Object, body: } @ http://localhost:5173/node_modules/.vite/deps/msw.js?v=22d946fd:416
[  127744ms] [LOG] Handler: HttpHandler @ http://localhost:5173/node_modules/.vite/deps/msw.js?v=22d946fd:417
[  127744ms] [LOG] Response {status: 200, statusText: OK, headers: Object, body: {"code":0,"message":"success","data":[{"month":"20…ount":0,"byType":{"电话":0,"面谈":0,"微信":0,"邮件":0}}]}} @ http://localhost:5173/node_modules/.vite/deps/msw.js?v=22d946fd:418
